<?xml version="1.0" encoding="UTF-8"?>
<testng-results skipped="0" failed="0" ignored="0" total="4" passed="4">
  <reporter-output>
  </reporter-output>
  <suite name="search-module" duration-ms="24214" started-at="2021-01-02T11:34:01 GMT" finished-at="2021-01-02T11:34:25 GMT">
    <groups>
    </groups>
    <test name="search page for keyword Java" duration-ms="18045" started-at="2021-01-02T11:34:01 GMT" finished-at="2021-01-02T11:34:19 GMT">
      <class name="com.searchmodule.tests.SearchTest">
        <test-method status="PASS" signature="setUpDriver(org.testng.ITestContext)[pri:0, instance:com.searchmodule.tests.SearchTest@62ee68d8]" name="setUpDriver" is-config="true" duration-ms="12056" started-at="2021-01-02T11:34:01 GMT" finished-at="2021-01-02T11:34:13 GMT">
          <params>
            <param index="0">
              <value>
                <![CDATA[org.testng.TestRunner@4f74980d]]>
              </value>
            </param>
          </params>
          <reporter-output>
          </reporter-output>
        </test-method> <!-- setUpDriver -->
        <test-method status="PASS" signature="setUpParameters(java.lang.String)[pri:0, instance:com.searchmodule.tests.SearchTest@62ee68d8]" name="setUpParameters" is-config="true" duration-ms="1" started-at="2021-01-02T11:34:13 GMT" depends-on-methods="tests.BaseTest.setUpDriver" finished-at="2021-01-02T11:34:13 GMT">
          <params>
            <param index="0">
              <value>
                <![CDATA[Java]]>
              </value>
            </param>
          </params>
          <reporter-output>
          </reporter-output>
        </test-method> <!-- setUpParameters -->
        <test-method status="PASS" signature="sayHello()[pri:0, instance:com.searchmodule.tests.SearchTest@62ee68d8]" name="sayHello" duration-ms="2" started-at="2021-01-02T11:34:13 GMT" finished-at="2021-01-02T11:34:13 GMT">
          <reporter-output>
          </reporter-output>
        </test-method> <!-- sayHello -->
        <test-method status="PASS" signature="search()[pri:0, instance:com.searchmodule.tests.SearchTest@62ee68d8]" name="search" duration-ms="5867" started-at="2021-01-02T11:34:13 GMT" finished-at="2021-01-02T11:34:18 GMT">
          <reporter-output>
          </reporter-output>
        </test-method> <!-- search -->
        <test-method status="PASS" signature="quitBrowser()[pri:0, instance:com.searchmodule.tests.SearchTest@62ee68d8]" name="quitBrowser" is-config="true" duration-ms="83" started-at="2021-01-02T11:34:18 GMT" finished-at="2021-01-02T11:34:19 GMT">
          <reporter-output>
          </reporter-output>
        </test-method> <!-- quitBrowser -->
      </class> <!-- com.searchmodule.tests.SearchTest -->
    </test> <!-- search page for keyword Java -->
    <test name="search page for keyword Love" duration-ms="5907" started-at="2021-01-02T11:34:19 GMT" finished-at="2021-01-02T11:34:25 GMT">
      <class name="com.searchmodule.tests.SearchTest">
        <test-method status="PASS" signature="setUpDriver(org.testng.ITestContext)[pri:0, instance:com.searchmodule.tests.SearchTest@224edc67]" name="setUpDriver" is-config="true" duration-ms="1557" started-at="2021-01-02T11:34:19 GMT" finished-at="2021-01-02T11:34:20 GMT">
          <params>
            <param index="0">
              <value>
                <![CDATA[org.testng.TestRunner@6c372fe6]]>
              </value>
            </param>
          </params>
          <reporter-output>
          </reporter-output>
        </test-method> <!-- setUpDriver -->
        <test-method status="PASS" signature="setUpParameters(java.lang.String)[pri:0, instance:com.searchmodule.tests.SearchTest@224edc67]" name="setUpParameters" is-config="true" duration-ms="0" started-at="2021-01-02T11:34:20 GMT" depends-on-methods="tests.BaseTest.setUpDriver" finished-at="2021-01-02T11:34:20 GMT">
          <params>
            <param index="0">
              <value>
                <![CDATA[Love]]>
              </value>
            </param>
          </params>
          <reporter-output>
          </reporter-output>
        </test-method> <!-- setUpParameters -->
        <test-method status="PASS" signature="sayHello()[pri:0, instance:com.searchmodule.tests.SearchTest@224edc67]" name="sayHello" duration-ms="0" started-at="2021-01-02T11:34:20 GMT" finished-at="2021-01-02T11:34:20 GMT">
          <reporter-output>
          </reporter-output>
        </test-method> <!-- sayHello -->
        <test-method status="PASS" signature="search()[pri:0, instance:com.searchmodule.tests.SearchTest@224edc67]" name="search" duration-ms="4273" started-at="2021-01-02T11:34:20 GMT" finished-at="2021-01-02T11:34:25 GMT">
          <reporter-output>
          </reporter-output>
        </test-method> <!-- search -->
        <test-method status="PASS" signature="quitBrowser()[pri:0, instance:com.searchmodule.tests.SearchTest@224edc67]" name="quitBrowser" is-config="true" duration-ms="69" started-at="2021-01-02T11:34:25 GMT" finished-at="2021-01-02T11:34:25 GMT">
          <reporter-output>
          </reporter-output>
        </test-method> <!-- quitBrowser -->
      </class> <!-- com.searchmodule.tests.SearchTest -->
    </test> <!-- search page for keyword Love -->
  </suite> <!-- search-module -->
</testng-results>
