<?xml version="1.0" encoding="UTF-8"?>
<testng-results skipped="0" failed="0" ignored="0" total="4" passed="4">
  <reporter-output>
  </reporter-output>
  <suite name="search-module" duration-ms="33639" started-at="2021-01-03T11:22:45 GMT" finished-at="2021-01-03T11:23:19 GMT">
    <groups>
    </groups>
    <test name="search page for keyword Java" duration-ms="18818" started-at="2021-01-03T11:22:45 GMT" finished-at="2021-01-03T11:23:04 GMT">
      <class name="com.searchmodule.tests.SearchTest">
        <test-method status="PASS" signature="setUpDriver(org.testng.ITestContext)[pri:0, instance:com.searchmodule.tests.SearchTest@62ee68d8]" name="setUpDriver" is-config="true" duration-ms="7384" started-at="2021-01-03T11:22:45 GMT" finished-at="2021-01-03T11:22:53 GMT">
          <params>
            <param index="0">
              <value>
                <![CDATA[org.testng.TestRunner@275bf9b3]]>
              </value>
            </param>
          </params>
          <reporter-output>
          </reporter-output>
        </test-method> <!-- setUpDriver -->
        <test-method status="PASS" signature="setUpParameters(java.lang.String)[pri:0, instance:com.searchmodule.tests.SearchTest@62ee68d8]" name="setUpParameters" is-config="true" duration-ms="2" started-at="2021-01-03T11:22:53 GMT" depends-on-methods="tests.BaseTest.setUpDriver" finished-at="2021-01-03T11:22:53 GMT">
          <params>
            <param index="0">
              <value>
                <![CDATA[Java]]>
              </value>
            </param>
          </params>
          <reporter-output>
          </reporter-output>
        </test-method> <!-- setUpParameters -->
        <test-method status="PASS" signature="sayHello()[pri:0, instance:com.searchmodule.tests.SearchTest@62ee68d8]" name="sayHello" duration-ms="2" started-at="2021-01-03T11:22:53 GMT" finished-at="2021-01-03T11:22:53 GMT">
          <reporter-output>
          </reporter-output>
        </test-method> <!-- sayHello -->
        <test-method status="PASS" signature="search()[pri:0, instance:com.searchmodule.tests.SearchTest@62ee68d8]" name="search" duration-ms="10365" started-at="2021-01-03T11:22:53 GMT" finished-at="2021-01-03T11:23:03 GMT">
          <reporter-output>
          </reporter-output>
        </test-method> <!-- search -->
        <test-method status="PASS" signature="quitBrowser()[pri:0, instance:com.searchmodule.tests.SearchTest@62ee68d8]" name="quitBrowser" is-config="true" duration-ms="998" started-at="2021-01-03T11:23:03 GMT" finished-at="2021-01-03T11:23:04 GMT">
          <reporter-output>
          </reporter-output>
        </test-method> <!-- quitBrowser -->
      </class> <!-- com.searchmodule.tests.SearchTest -->
    </test> <!-- search page for keyword Java -->
    <test name="search page for keyword Love" duration-ms="14627" started-at="2021-01-03T11:23:04 GMT" finished-at="2021-01-03T11:23:19 GMT">
      <class name="com.searchmodule.tests.SearchTest">
        <test-method status="PASS" signature="setUpDriver(org.testng.ITestContext)[pri:0, instance:com.searchmodule.tests.SearchTest@224edc67]" name="setUpDriver" is-config="true" duration-ms="4482" started-at="2021-01-03T11:23:04 GMT" finished-at="2021-01-03T11:23:09 GMT">
          <params>
            <param index="0">
              <value>
                <![CDATA[org.testng.TestRunner@1b8a29df]]>
              </value>
            </param>
          </params>
          <reporter-output>
          </reporter-output>
        </test-method> <!-- setUpDriver -->
        <test-method status="PASS" signature="setUpParameters(java.lang.String)[pri:0, instance:com.searchmodule.tests.SearchTest@224edc67]" name="setUpParameters" is-config="true" duration-ms="1" started-at="2021-01-03T11:23:09 GMT" depends-on-methods="tests.BaseTest.setUpDriver" finished-at="2021-01-03T11:23:09 GMT">
          <params>
            <param index="0">
              <value>
                <![CDATA[Love]]>
              </value>
            </param>
          </params>
          <reporter-output>
          </reporter-output>
        </test-method> <!-- setUpParameters -->
        <test-method status="PASS" signature="sayHello()[pri:0, instance:com.searchmodule.tests.SearchTest@224edc67]" name="sayHello" duration-ms="1" started-at="2021-01-03T11:23:09 GMT" finished-at="2021-01-03T11:23:09 GMT">
          <reporter-output>
          </reporter-output>
        </test-method> <!-- sayHello -->
        <test-method status="PASS" signature="search()[pri:0, instance:com.searchmodule.tests.SearchTest@224edc67]" name="search" duration-ms="9246" started-at="2021-01-03T11:23:09 GMT" finished-at="2021-01-03T11:23:18 GMT">
          <reporter-output>
          </reporter-output>
        </test-method> <!-- search -->
        <test-method status="PASS" signature="quitBrowser()[pri:0, instance:com.searchmodule.tests.SearchTest@224edc67]" name="quitBrowser" is-config="true" duration-ms="893" started-at="2021-01-03T11:23:18 GMT" finished-at="2021-01-03T11:23:19 GMT">
          <reporter-output>
          </reporter-output>
        </test-method> <!-- quitBrowser -->
      </class> <!-- com.searchmodule.tests.SearchTest -->
    </test> <!-- search page for keyword Love -->
  </suite> <!-- search-module -->
</testng-results>
